<?xml version="1.0" encoding="UTF-8"?>
<!-- Generated by org.testng.reporters.JUnitXMLReporter -->
<testsuite ignored="4" hostname="Sarfaraz" failures="0" tests="2" name="edgeTest" time="0.061" errors="0" timestamp="2024-08-15T16:01:25 IST">
  <testcase classname="com.myntrajio.WomensProductTest.WomensProductTest$ElectronicProductTest" name="addproduct" time="0.004"/>
  <testcase classname="com.myntrajio.MensProductTest.MensProductTest$ElectronicProductTest" name="addproduct" time="0.018"/>
  <testcase classname="com.myntrajio.WomensProductTest.WomensProductTest$ElectronicProductTest" name="removeproduct" time="0.0">
    <ignored/>
  </testcase> <!-- removeproduct -->
  <testcase classname="com.myntrajio.WomensProductTest.WomensProductTest$ElectronicProductTest" name="updateproduct" time="0.0">
    <ignored/>
  </testcase> <!-- updateproduct -->
  <testcase classname="com.myntrajio.MensProductTest.MensProductTest$ElectronicProductTest" name="removeproduct" time="0.0">
    <ignored/>
  </testcase> <!-- removeproduct -->
  <testcase classname="com.myntrajio.MensProductTest.MensProductTest$ElectronicProductTest" name="updateproduct" time="0.0">
    <ignored/>
  </testcase> <!-- updateproduct -->
</testsuite> <!-- edgeTest -->
