<?xml version="1.0" encoding="UTF-8"?>
<!-- Generated by org.testng.reporters.JUnitXMLReporter -->
<testsuite ignored="2" hostname="Sarfaraz" failures="0" tests="1" name="FirefoxTest" time="0.038" errors="0" timestamp="2024-08-15T16:01:25 IST">
  <testcase classname="com.myntrajio.KidsProductTest.KidsProductTest$ElectronicProductTest" name="addproduct" time="0.006"/>
  <testcase classname="com.myntrajio.KidsProductTest.KidsProductTest$ElectronicProductTest" name="removeproduct" time="0.0">
    <ignored/>
  </testcase> <!-- removeproduct -->
  <testcase classname="com.myntrajio.KidsProductTest.KidsProductTest$ElectronicProductTest" name="updateproduct" time="0.0">
    <ignored/>
  </testcase> <!-- updateproduct -->
</testsuite> <!-- FirefoxTest -->
